Gina - Out-Datei
#OUTPUT
 $NOD_VALUES
   PRESSURE1
   PRESSURE2
 $GEO_TYPE
   DOMAIN 
 $DAT_TYPE
   TECPLOT
 $TIM_TYPE
   STEPS 1
#OUTPUT
 $NOD_VALUES
   VELOCITY_X2
   VELOCITY_Y2
 $GEO_TYPE
   POLYLINE PLY_2
 $DAT_TYPE
   TECPLOT
 $TIM_TYPE
   STEPS 1
#OUTPUT
 $NOD_VALUES
   VELOCITY_X2
   VELOCITY_Y2
 $GEO_TYPE
   POLYLINE PLY_3
 $DAT_TYPE
   TECPLOT
 $TIM_TYPE
   STEPS 1
#OUTPUT
 $NOD_VALUES
   VELOCITY_X2
   VELOCITY_Y2
 $GEO_TYPE
   POLYLINE PLY_4
 $DAT_TYPE
   TECPLOT
 $TIM_TYPE
   STEPS 1
#STOP
